TN:
SF:src/classes/userLogin.ts
FN:1,(anonymous_0)
FN:15,(anonymous_1)
FN:25,(anonymous_2)
FN:34,(anonymous_3)
FN:43,(anonymous_4)
FNF:5
FNH:5
FNDA:1,(anonymous_0)
FNDA:2,(anonymous_1)
FNDA:1,(anonymous_2)
FNDA:1,(anonymous_3)
FNDA:1,(anonymous_4)
DA:1,1
DA:2,1
DA:3,1
DA:14,1
DA:16,2
DA:17,2
DA:18,2
DA:19,2
DA:20,1
DA:22,1
DA:26,1
DA:27,1
DA:28,1
DA:29,1
DA:30,1
DA:31,1
DA:35,1
DA:41,1
DA:44,1
DA:45,1
DA:48,1
LF:21
LH:21
BRDA:1,0,0,1
BRDA:1,0,1,1
BRDA:19,1,0,1
BRDA:19,2,0,2
BRDA:19,2,1,2
BRDA:19,2,2,2
BRDA:19,2,3,1
BRF:7
BRH:7
end_of_record
